<?xml version="1.0" encoding="UTF-8"?>
<testng-results ignored="0" total="2" passed="2" failed="0" skipped="0">
  <reporter-output>
  </reporter-output>
  <suite started-at="2025-01-19T00:56:21 IST" name="Default suite" finished-at="2025-01-19T00:56:37 IST" duration-ms="16377">
    <groups>
    </groups>
    <test started-at="2025-01-19T00:56:21 IST" name="Default test" finished-at="2025-01-19T00:56:37 IST" duration-ms="16377">
      <class name="MavenProject.tests.SubmitOrderPOMTest">
        <test-method is-config="true" signature="launchApplication()[pri:0, instance:MavenProject.tests.SubmitOrderPOMTest@8f2ef19]" started-at="2025-01-19T00:56:21 IST" name="launchApplication" finished-at="2025-01-19T00:56:26 IST" duration-ms="4815" status="PASS">
          <reporter-output>
          </reporter-output>
        </test-method> <!-- launchApplication -->
        <test-method signature="submitOrder()[pri:0, instance:MavenProject.tests.SubmitOrderPOMTest@8f2ef19]" started-at="2025-01-19T00:56:26 IST" name="submitOrder" finished-at="2025-01-19T00:56:31 IST" duration-ms="5406" status="PASS">
          <reporter-output>
          </reporter-output>
        </test-method> <!-- submitOrder -->
        <test-method is-config="true" signature="tearDown()[pri:0, instance:MavenProject.tests.SubmitOrderPOMTest@8f2ef19]" started-at="2025-01-19T00:56:31 IST" name="tearDown" finished-at="2025-01-19T00:56:32 IST" duration-ms="989" status="PASS">
          <reporter-output>
          </reporter-output>
        </test-method> <!-- tearDown -->
        <test-method is-config="true" signature="launchApplication()[pri:0, instance:MavenProject.tests.SubmitOrderPOMTest@8f2ef19]" started-at="2025-01-19T00:56:32 IST" name="launchApplication" finished-at="2025-01-19T00:56:36 IST" duration-ms="3580" status="PASS">
          <reporter-output>
          </reporter-output>
        </test-method> <!-- launchApplication -->
        <test-method signature="OrderHistoryTest()[pri:0, instance:MavenProject.tests.SubmitOrderPOMTest@8f2ef19]" started-at="2025-01-19T00:56:36 IST" name="OrderHistoryTest" finished-at="2025-01-19T00:56:37 IST" depends-on-methods="MavenProject.tests.SubmitOrderPOMTest.submitOrder" duration-ms="1309" status="PASS">
          <reporter-output>
          </reporter-output>
        </test-method> <!-- OrderHistoryTest -->
        <test-method is-config="true" signature="tearDown()[pri:0, instance:MavenProject.tests.SubmitOrderPOMTest@8f2ef19]" started-at="2025-01-19T00:56:37 IST" name="tearDown" finished-at="2025-01-19T00:56:37 IST" duration-ms="185" status="PASS">
          <reporter-output>
          </reporter-output>
        </test-method> <!-- tearDown -->
      </class> <!-- MavenProject.tests.SubmitOrderPOMTest -->
    </test> <!-- Default test -->
  </suite> <!-- Default suite -->
</testng-results>
